<?xml version="1.0" encoding="UTF-8"?>
<testsuite name="TestClient" tests="1" skipped="0" failures="0" errors="0" timestamp="2021-02-02T03:17:01" hostname="ARCHES-ET" time="0.001">
  <properties/>
  <testcase name="testAmTableExtraPayment[browser, HeadlessChrome88.0.4324, Windows10.0.0]" classname="TestClient" time="0.001"/>
  <system-out><![CDATA[]]></system-out>
  <system-err><![CDATA[]]></system-err>
</testsuite>
